c:\users\usuario\desktop\colisoes\colisoes\x64\debug\vc142.pdb
c:\users\usuario\desktop\colisoes\colisoes\x64\debug\vc142.idb
c:\users\usuario\desktop\colisoes\colisoes\x64\debug\simulador.obj
c:\users\usuario\desktop\colisoes\colisoes\x64\debug\listabolas.obj
c:\users\usuario\desktop\colisoes\colisoes\x64\debug\gerenciadorgrafico.obj
c:\users\usuario\desktop\colisoes\colisoes\x64\debug\gerenciadoreventos.obj
c:\users\usuario\desktop\colisoes\colisoes\x64\debug\colisoes.obj
c:\users\usuario\desktop\colisoes\colisoes\x64\debug\bola.obj
c:\users\usuario\desktop\colisoes\colisoes\x64\debug\gerenciadorcolisoes.obj
c:\users\usuario\desktop\colisoes\colisoes\x64\debug\colisoes.pch
c:\users\usuario\desktop\colisoes\colisoes\x64\debug\stdafx.obj
c:\users\usuario\desktop\colisoes\colisoes\x64\debug\controladorvetorial.obj
c:\users\usuario\desktop\colisoes\colisoes\x64\debug\colisoes.exe
c:\users\usuario\desktop\colisoes\colisoes\x64\debug\colisoes.ilk
c:\users\usuario\desktop\colisoes\colisoes\x64\debug\colisoes.pdb
c:\users\usuario\desktop\colisoes\colisoes\x64\debug\colisoes.tlog\cl.command.1.tlog
c:\users\usuario\desktop\colisoes\colisoes\x64\debug\colisoes.tlog\cl.read.1.tlog
c:\users\usuario\desktop\colisoes\colisoes\x64\debug\colisoes.tlog\cl.write.1.tlog
c:\users\usuario\desktop\colisoes\colisoes\x64\debug\colisoes.tlog\link.20052-cvtres.read.1.tlog
c:\users\usuario\desktop\colisoes\colisoes\x64\debug\colisoes.tlog\link.20052-cvtres.write.1.tlog
c:\users\usuario\desktop\colisoes\colisoes\x64\debug\colisoes.tlog\link.20052-rc.read.1.tlog
c:\users\usuario\desktop\colisoes\colisoes\x64\debug\colisoes.tlog\link.20052-rc.write.1.tlog
c:\users\usuario\desktop\colisoes\colisoes\x64\debug\colisoes.tlog\link.20052.read.1.tlog
c:\users\usuario\desktop\colisoes\colisoes\x64\debug\colisoes.tlog\link.20052.write.1.tlog
c:\users\usuario\desktop\colisoes\colisoes\x64\debug\colisoes.tlog\link.command.1.tlog
c:\users\usuario\desktop\colisoes\colisoes\x64\debug\colisoes.tlog\link.read.1.tlog
c:\users\usuario\desktop\colisoes\colisoes\x64\debug\colisoes.tlog\link.write.1.tlog
